{
  "RSpec": {
    "coverage": {
      "/home/hp/RP/test_case/swiggy/spec/requests/users_spec.rb": {
        "lines": [
          1,
          1,
          null,
          1,
          null,
          17,
          17,
          null,
          1,
          16,
          16,
          16,
          null,
          null,
          1,
          1,
          1,
          1,
          null,
          1,
          1,
          1,
          null,
          null,
          null,
          1,
          1,
          1,
          1,
          null,
          1,
          1,
          1,
          1,
          null,
          null,
          null,
          1,
          1,
          1,
          1,
          null,
          1,
          1,
          1,
          null,
          null,
          null,
          1,
          1,
          1,
          1,
          null,
          1,
          1,
          1,
          null,
          null,
          null,
          1,
          1,
          1,
          1,
          null,
          1,
          1,
          1,
          null,
          null,
          null,
          1,
          1,
          1,
          1,
          null,
          1,
          1,
          1,
          null,
          1,
          1,
          1,
          null,
          null,
          null,
          1,
          1,
          1,
          1,
          null,
          1,
          1,
          1,
          1,
          1,
          1,
          null,
          1,
          1,
          1,
          null,
          null,
          null
        ]
      },
      "/home/hp/RP/test_case/swiggy/spec/rails_helper.rb": {
        "lines": [
          null,
          null,
          1,
          1,
          1,
          null,
          1,
          1,
          1,
          null,
          null,
          null,
          null,
          null,
          null,
          null,
          null,
          null,
          null,
          null,
          null,
          null,
          null,
          null,
          null,
          null,
          null,
          1,
          null,
          0,
          0,
          null,
          1,
          null,
          1,
          1,
          null,
          null,
          null,
          1,
          1,
          1,
          1,
          1,
          1,
          null,
          null,
          null,
          null,
          null,
          null,
          null,
          null,
          null,
          null,
          null,
          null,
          null,
          null,
          null,
          null,
          1,
          null,
          1,
          null,
          null,
          1,
          1,
          1,
          1,
          null,
          null,
          null
        ]
      },
      "/home/hp/RP/test_case/swiggy/config/environment.rb": {
        "lines": [
          null,
          1,
          null,
          null,
          1
        ]
      },
      "/home/hp/RP/test_case/swiggy/config/application.rb": {
        "lines": [
          1,
          null,
          1,
          null,
          null,
          null,
          1,
          null,
          1,
          1,
          null,
          1,
          1,
          null,
          null,
          null,
          null,
          null,
          null,
          null,
          null,
          null,
          null
        ]
      },
      "/home/hp/RP/test_case/swiggy/config/boot.rb": {
        "lines": [
          1,
          null,
          1,
          1
        ]
      },
      "/home/hp/RP/test_case/swiggy/config/environments/test.rb": {
        "lines": [
          1,
          null,
          null,
          null,
          null,
          null,
          null,
          1,
          null,
          null,
          null,
          1,
          null,
          null,
          null,
          null,
          1,
          null,
          null,
          1,
          1,
          null,
          null,
          null,
          null,
          1,
          1,
          1,
          null,
          null,
          1,
          null,
          null,
          1,
          null,
          null,
          1,
          null,
          1,
          null,
          null,
          null,
          null,
          1,
          null,
          null,
          1,
          null,
          null,
          1,
          null,
          null,
          1,
          null,
          null,
          null,
          null,
          null,
          null,
          null
        ]
      },
      "/home/hp/RP/test_case/swiggy/config/initializers/assets.rb": {
        "lines": [
          null,
          null,
          null,
          1,
          null,
          null,
          null,
          null,
          null,
          null,
          null,
          null
        ]
      },
      "/home/hp/RP/test_case/swiggy/config/initializers/content_security_policy.rb": {
        "lines": [
          null,
          null,
          null,
          null,
          null,
          null,
          null,
          null,
          null,
          null,
          null,
          null,
          null,
          null,
          null,
          null,
          null,
          null,
          null,
          null,
          null,
          null,
          null,
          null,
          null
        ]
      },
      "/home/hp/RP/test_case/swiggy/config/initializers/filter_parameter_logging.rb": {
        "lines": [
          null,
          null,
          null,
          null,
          null,
          1,
          null,
          null
        ]
      },
      "/home/hp/RP/test_case/swiggy/config/initializers/inflections.rb": {
        "lines": [
          null,
          null,
          null,
          null,
          null,
          null,
          null,
          null,
          null,
          null,
          null,
          null,
          null,
          null,
          null,
          null
        ]
      },
      "/home/hp/RP/test_case/swiggy/config/initializers/permissions_policy.rb": {
        "lines": [
          null,
          null,
          null,
          null,
          null,
          null,
          null,
          null,
          null,
          null,
          null
        ]
      },
      "/home/hp/RP/test_case/swiggy/spec/factories/cart_items.rb": {
        "lines": [
          1,
          1,
          1,
          1,
          1,
          null,
          null
        ]
      },
      "/home/hp/RP/test_case/swiggy/spec/factories/carts.rb": {
        "lines": [
          1,
          1,
          1,
          null,
          null
        ]
      },
      "/home/hp/RP/test_case/swiggy/spec/factories/categories.rb": {
        "lines": [
          1,
          1,
          1,
          null,
          null
        ]
      },
      "/home/hp/RP/test_case/swiggy/spec/factories/dishes.rb": {
        "lines": [
          1,
          1,
          1,
          1,
          1,
          1,
          null,
          null
        ]
      },
      "/home/hp/RP/test_case/swiggy/spec/factories/orders.rb": {
        "lines": [
          1,
          1,
          1,
          1,
          1,
          1,
          null,
          null
        ]
      },
      "/home/hp/RP/test_case/swiggy/spec/factories/restaurants.rb": {
        "lines": [
          1,
          1,
          1,
          1,
          1,
          1,
          null,
          null
        ]
      },
      "/home/hp/RP/test_case/swiggy/spec/factories/users.rb": {
        "lines": [
          1,
          1,
          17,
          17,
          17,
          17,
          null,
          null
        ]
      },
      "/home/hp/RP/test_case/swiggy/config/routes.rb": {
        "lines": [
          1,
          1,
          1,
          1,
          1,
          1,
          1,
          1,
          null,
          1,
          1,
          1,
          1,
          null
        ]
      },
      "/home/hp/RP/test_case/swiggy/app/helpers/application_helper.rb": {
        "lines": [
          1,
          null
        ]
      },
      "/home/hp/RP/test_case/swiggy/app/controllers/concerns/json_web_token.rb": {
        "lines": [
          1,
          1,
          1,
          1,
          1,
          1,
          null,
          1,
          6,
          4,
          null,
          null
        ]
      },
      "/home/hp/RP/test_case/swiggy/app/models/user.rb": {
        "lines": [
          1,
          null,
          1,
          null,
          1,
          1,
          1,
          1,
          null,
          null
        ]
      },
      "/home/hp/RP/test_case/swiggy/app/models/application_record.rb": {
        "lines": [
          1,
          1,
          null
        ]
      },
      "/home/hp/RP/test_case/swiggy/app/controllers/users_controller.rb": {
        "lines": [
          1,
          null,
          1,
          null,
          1,
          2,
          1,
          1,
          null,
          1,
          null,
          null,
          null,
          1,
          2,
          2,
          null,
          1,
          null,
          null,
          1,
          1,
          null,
          null,
          1,
          2,
          1,
          null,
          null,
          1,
          1,
          null,
          1,
          null,
          null,
          1,
          3,
          2,
          2,
          1,
          null,
          1,
          null,
          null,
          1,
          3,
          2,
          2,
          1,
          1,
          null,
          1,
          null,
          null,
          null,
          null,
          null,
          1,
          1,
          4,
          null,
          null
        ]
      },
      "/home/hp/RP/test_case/swiggy/app/controllers/application_controller.rb": {
        "lines": [
          1,
          null,
          1,
          16,
          null,
          null,
          1,
          null,
          null,
          null,
          1,
          null,
          null,
          null,
          1,
          null,
          6,
          6,
          6,
          4,
          2,
          2,
          null,
          null,
          null,
          null,
          1,
          null,
          0,
          0,
          null,
          null,
          null,
          null
        ]
      },
      "/home/hp/RP/test_case/swiggy/app/models/customer.rb": {
        "lines": [
          1,
          1,
          1,
          null
        ]
      },
      "/home/hp/RP/test_case/swiggy/app/models/owner.rb": {
        "lines": [
          1,
          1,
          null
        ]
      },
      "/home/hp/RP/test_case/swiggy/app/serializers/user_serializer.rb": {
        "lines": [
          1,
          1,
          null
        ]
      },
      "/home/hp/RP/test_case/swiggy/app/models/restaurant.rb": {
        "lines": [
          1,
          1,
          1,
          1,
          null,
          1,
          1,
          1,
          null
        ]
      }
    },
    "timestamp": 1697723545
  }
}
